Using pre-set license
Built from '2020.3/staging' branch; Version is '2020.3.20f1 (41c4e627c95f) revision 4310246'; Using compiler version '192528614'; Build Type 'Release'
OS: 'Windows 10 Home; OS build 19043.1288; Version 2009; 64bit' Language: 'fr' Physical Memory: 16326 MB
BatchMode: 1, IsHumanControllingUs: 0, StartBugReporterOnCrash: 0, Is64bit: 1, IsPro: 0

COMMAND LINE ARGUMENTS:
C:\Program Files\Unity\Hub\Editor\2020.3.20f1\Editor\Unity.exe
-adb2
-batchMode
-noUpm
-name
AssetImportWorker0
-projectPath
C:/Users/hakim/Desktop/Unity/Project Boost
-logFile
Logs/AssetImportWorker0.log
-srvPort
16797
Successfully changed project path to: C:/Users/hakim/Desktop/Unity/Project Boost
C:/Users/hakim/Desktop/Unity/Project Boost
Using Asset Import Pipeline V2.
Refreshing native plugins compatible for Editor in 22.81 ms, found 2 plugins.
Preloading 0 native plugins for Editor in 0.00 ms.
Initialize engine version: 2020.3.20f1 (41c4e627c95f)
[Subsystems] Discovering subsystems at path C:/Program Files/Unity/Hub/Editor/2020.3.20f1/Editor/Data/Resources/UnitySubsystems
[Subsystems] Discovering subsystems at path C:/Users/hakim/Desktop/Unity/Project Boost/Assets
GfxDevice: creating device client; threaded=0
Direct3D:
    Version:  Direct3D 11.0 [level 11.1]
    Renderer: NVIDIA GeForce RTX 3080 (ID=0x2206)
    Vendor:   
    VRAM:     10077 MB
    Driver:   30.0.14.9613
Initialize mono
Mono path[0] = 'C:/Program Files/Unity/Hub/Editor/2020.3.20f1/Editor/Data/Managed'
Mono path[1] = 'C:/Program Files/Unity/Hub/Editor/2020.3.20f1/Editor/Data/MonoBleedingEdge/lib/mono/unityjit'
Mono config path = 'C:/Program Files/Unity/Hub/Editor/2020.3.20f1/Editor/Data/MonoBleedingEdge/etc'
Using monoOptions --debugger-agent=transport=dt_socket,embedding=1,server=y,suspend=n,address=127.0.0.1:56524
Begin MonoManager ReloadAssembly
Registering precompiled unity dll's ...
Register platform support module: C:/Program Files/Unity/Hub/Editor/2020.3.20f1/Editor/Data/PlaybackEngines/WebGLSupport/UnityEditor.WebGL.Extensions.dll
Register platform support module: C:/Program Files/Unity/Hub/Editor/2020.3.20f1/Editor/Data/PlaybackEngines/WindowsStandaloneSupport/UnityEditor.WindowsStandalone.Extensions.dll
Registered in 0.002245 seconds.
Native extension for WindowsStandalone target not found
Native extension for WebGL target not found
Refreshing native plugins compatible for Editor in 21.83 ms, found 2 plugins.
Preloading 0 native plugins for Editor in 0.00 ms.
Mono: successfully reloaded assembly
- Completed reload, in  1.751 seconds
Domain Reload Profiling:
	ReloadAssembly (1752ms)
		BeginReloadAssembly (42ms)
			ExecutionOrderSort (0ms)
			DisableScriptedObjects (0ms)
			BackupInstance (0ms)
			ReleaseScriptingObjects (0ms)
			CreateAndSetChildDomain (1ms)
		EndReloadAssembly (323ms)
			LoadAssemblies (40ms)
			RebuildTransferFunctionScriptingTraits (0ms)
			SetupTypeCache (124ms)
			ReleaseScriptCaches (0ms)
			RebuildScriptCaches (23ms)
			SetupLoadedEditorAssemblies (121ms)
				LogAssemblyErrors (0ms)
				InitializePlatformSupportModulesInManaged (4ms)
				SetLoadedEditorAssemblies (0ms)
				RefreshPlugins (22ms)
				BeforeProcessingInitializeOnLoad (10ms)
				ProcessInitializeOnLoadAttributes (64ms)
				ProcessInitializeOnLoadMethodAttributes (22ms)
				AfterProcessingInitializeOnLoad (0ms)
				EditorAssembliesLoaded (0ms)
			ExecutionOrderSort2 (0ms)
			AwakeInstancesAfterBackupRestoration (0ms)
Platform modules already initialized, skipping
Registering precompiled user dll's ...
Registered in 0.002750 seconds.
Begin MonoManager ReloadAssembly
Native extension for WindowsStandalone target not found
Native extension for WebGL target not found
Refreshing native plugins compatible for Editor in 0.23 ms, found 2 plugins.
Preloading 0 native plugins for Editor in 0.00 ms.
Mono: successfully reloaded assembly
- Completed reload, in  0.773 seconds
Domain Reload Profiling:
	ReloadAssembly (774ms)
		BeginReloadAssembly (111ms)
			ExecutionOrderSort (0ms)
			DisableScriptedObjects (3ms)
			BackupInstance (0ms)
			ReleaseScriptingObjects (0ms)
			CreateAndSetChildDomain (13ms)
		EndReloadAssembly (614ms)
			LoadAssemblies (65ms)
			RebuildTransferFunctionScriptingTraits (0ms)
			SetupTypeCache (207ms)
			ReleaseScriptCaches (0ms)
			RebuildScriptCaches (32ms)
			SetupLoadedEditorAssemblies (236ms)
				LogAssemblyErrors (0ms)
				InitializePlatformSupportModulesInManaged (5ms)
				SetLoadedEditorAssemblies (0ms)
				RefreshPlugins (0ms)
				BeforeProcessingInitializeOnLoad (71ms)
				ProcessInitializeOnLoadAttributes (151ms)
				ProcessInitializeOnLoadMethodAttributes (3ms)
				AfterProcessingInitializeOnLoad (5ms)
				EditorAssembliesLoaded (0ms)
			ExecutionOrderSort2 (0ms)
			AwakeInstancesAfterBackupRestoration (5ms)
Platform modules already initialized, skipping
========================================================================
Worker process is ready to serve import requests
Launched and connected shader compiler UnityShaderCompiler.exe after 0.09 seconds
Refreshing native plugins compatible for Editor in 0.22 ms, found 2 plugins.
Preloading 0 native plugins for Editor in 0.00 ms.
Unloading 1399 Unused Serialized files (Serialized files now loaded: 0)
System memory in use before: 64.9 MB.
System memory in use after: 65.0 MB.

Unloading 16 unused Assets to reduce memory usage. Loaded Objects now: 1834.
Total: 1.847400 ms (FindLiveObjects: 0.105600 ms CreateObjectMapping: 0.032700 ms MarkObjects: 1.663400 ms  DeleteObjects: 0.045100 ms)

AssetImportParameters requested are different than current active one (requested -> active):
  custom:framework-win-MediaFoundation: 216162199b28c13a410421893ffa2e32 -> 
  custom:video-decoder-ogg-theora: a1e56fd34408186e4bbccfd4996cb3dc -> 
  custom:container-muxer-webm: aa71ff27fc2769a1b78a27578f13a17b -> 
  custom:container-demuxer-webm: 4f35f7cbe854078d1ac9338744f61a02 -> 
  custom:container-demuxer-ogg: 62fdf1f143b41e24485cea50d1cbac27 -> 
  custom:video-encoder-webm-vp8: eb34c28f22e8b96e1ab97ce403110664 -> 
  custom:video-decoder-webm-vp8: 9c59270c3fd7afecdb556c50c9e8de78 -> 
  custom:audio-decoder-ogg-vorbis: bf7c407c2cedff20999df2af8eb42d56 -> 
  custom:audio-encoder-webm-vorbis: bf7c407c2cedff20999df2af8eb42d56 -> 
========================================================================
Received Import Request.
  path: Assets
  artifactKey: Guid(00000000000000001000000000000000) Importer(815301076,1909f56bfc062723c751e8b465ee728b)
Start importing Assets using Guid(00000000000000001000000000000000) Importer(815301076,1909f56bfc062723c751e8b465ee728b)  -> (artifact id: '42d402b061de3733987d63b9cc3b64de') in 0.006314 seconds 
  Import took 0.007787 seconds .

========================================================================
Received Import Request.
  Time since last request: 18.050689 seconds.
  path: Assets/Material Floor.mat
  artifactKey: Guid(8ad7f900aa030024f9aab05acd78b663) Importer(815301076,1909f56bfc062723c751e8b465ee728b)
Start importing Assets/Material Floor.mat using Guid(8ad7f900aa030024f9aab05acd78b663) Importer(815301076,1909f56bfc062723c751e8b465ee728b)  -> (artifact id: '87be4ba6702b7a221557c0a963e2c326') in 0.085118 seconds 
  Import took 0.086848 seconds .

========================================================================
Received Import Request.
  Time since last request: 434.068682 seconds.
  path: Assets/Start.mat
  artifactKey: Guid(7c32c245b1463a047b246358ad7de49a) Importer(815301076,1909f56bfc062723c751e8b465ee728b)
Start importing Assets/Start.mat using Guid(7c32c245b1463a047b246358ad7de49a) Importer(815301076,1909f56bfc062723c751e8b465ee728b)  -> (artifact id: '50716834232f865a6fd28fc8462dc0d6') in 0.014845 seconds 
  Import took 0.016862 seconds .

========================================================================
Received Import Request.
  Time since last request: 18.566440 seconds.
  path: Assets/Start Material.mat
  artifactKey: Guid(7c32c245b1463a047b246358ad7de49a) Importer(815301076,1909f56bfc062723c751e8b465ee728b)
Start importing Assets/Start Material.mat using Guid(7c32c245b1463a047b246358ad7de49a) Importer(815301076,1909f56bfc062723c751e8b465ee728b)  -> (artifact id: '8fa786192626ec31821e143a07e3a3f0') in 0.011786 seconds 
  Import took 0.013587 seconds .

========================================================================
Received Import Request.
  Time since last request: 155.333987 seconds.
  path: Assets/Final Material.mat
  artifactKey: Guid(3e69649abb2ac7c40aacc7c3ec9b61d6) Importer(815301076,1909f56bfc062723c751e8b465ee728b)
Start importing Assets/Final Material.mat using Guid(3e69649abb2ac7c40aacc7c3ec9b61d6) Importer(815301076,1909f56bfc062723c751e8b465ee728b)  -> (artifact id: '69157ff57d2147d3cbd4c4c98e659874') in 0.013114 seconds 
  Import took 0.015016 seconds .

========================================================================
Received Import Request.
  Time since last request: 270.094408 seconds.
  path: Assets/Final Material.mat
  artifactKey: Guid(3e69649abb2ac7c40aacc7c3ec9b61d6) Importer(815301076,1909f56bfc062723c751e8b465ee728b)
Start importing Assets/Final Material.mat using Guid(3e69649abb2ac7c40aacc7c3ec9b61d6) Importer(815301076,1909f56bfc062723c751e8b465ee728b)  -> (artifact id: 'f54d3e73c69826854bf80ca4da79689b') in 0.010067 seconds 
  Import took 0.012119 seconds .

========================================================================
Received Import Request.
  Time since last request: 0.000123 seconds.
  path: Assets/Start Material.mat
  artifactKey: Guid(7c32c245b1463a047b246358ad7de49a) Importer(815301076,1909f56bfc062723c751e8b465ee728b)
Start importing Assets/Start Material.mat using Guid(7c32c245b1463a047b246358ad7de49a) Importer(815301076,1909f56bfc062723c751e8b465ee728b)  -> (artifact id: '4c7bce42fddea27a333dad5e2fe1d8ca') in 0.008910 seconds 
  Import took 0.010629 seconds .

========================================================================
Received Import Request.
  Time since last request: 0.000168 seconds.
  path: Assets/Material Floor.mat
  artifactKey: Guid(8ad7f900aa030024f9aab05acd78b663) Importer(815301076,1909f56bfc062723c751e8b465ee728b)
Start importing Assets/Material Floor.mat using Guid(8ad7f900aa030024f9aab05acd78b663) Importer(815301076,1909f56bfc062723c751e8b465ee728b)  -> (artifact id: '2bf1fa4a1f822048a9c0330b5bcf2fb5') in 0.009821 seconds 
  Import took 0.011576 seconds .

AssetImportWorkerClient::OnTransportError - code=2 error=End of file
